<?xml version="1.0" encoding="UTF-8"?>
<!-- Generated by org.testng.reporters.JUnitReportReporter -->
<testsuite hostname="DESKTOP-NLQV0IK" failures="0" tests="1" name="com.orangeHRM.test.HomePageTest" time="10.001" errors="0" timestamp="2025-07-12T16:36:08 IST" skipped="0">
  <testcase classname="com.orangeHRM.test.HomePageTest" name="verifyAdminTabVisibleTest" time="10.001"/>
  <system-out/>
</testsuite> <!-- com.orangeHRM.test.HomePageTest -->
