<?xml version="1.0" encoding="UTF-8"?>
<!-- Generated by org.testng.reporters.JUnitReportReporter -->
<testsuite hostname="DESKTOP-NLQV0IK" failures="0" tests="2" name="com.orangeHRM.test.LoginPageTest" time="27.443" errors="0" timestamp="2025-07-12T16:36:08 IST" skipped="0">
  <testcase classname="com.orangeHRM.test.LoginPageTest" name="verifySuccessfulLoginTest" time="14.064"/>
  <system-out/>
  <testcase classname="com.orangeHRM.test.LoginPageTest" name="verifyInvalidLoginTest" time="13.379"/>
  <system-out/>
</testsuite> <!-- com.orangeHRM.test.LoginPageTest -->
